2014-06-08	00:50:51		1402181451	7	4	4333625524	Config Values:
2014-06-08	00:50:51		1402181451	8	4	4333625524	commandLine=
2014-06-08	00:50:51		1402181451	9	4	4333625524	Settings [Settings]
2014-06-08	00:50:51		1402181451	10	4	4333625524	digestURL=http://manifest.patch.station.sony.com/patch/sha/manifest/lp4/live/gamelauncher/eq2/live.sha.soe
2014-06-08	00:50:51		1402181451	11	4	4333625524	appName=EverQuest II
2014-06-08	00:50:51		1402181451	12	4	4333625524	appIcon=EQII.ico
2014-06-08	00:50:51		1402181451	13	4	4333625524	id=eq2
2014-06-08	00:50:51		1402181451	14	4	4333625524	width=917
2014-06-08	00:50:51		1402181451	15	4	4333625524	height=638
2014-06-08	00:50:51		1402181451	16	4	4333625524	
[Logging]
2014-06-08	00:50:51		1402181451	17	4	4333625524	Address=
2014-06-08	00:50:51		1402181451	18	4	4333625524	
[CrashReporter]
2014-06-08	00:50:51		1402181451	19	4	4333625524	Address=recap2.freerealms.net
2014-06-08	00:50:51		1402181451	20	4	4333625524	

2014-06-08	00:50:51		1402181451	21	4	4333625525	Override Settings 
2014-06-08	00:51:09		1402181469	13	4	4333643447	Config Values:
2014-06-08	00:51:09		1402181469	14	4	4333643447	commandLine= Logging:DeleteLogsDirectoryOnStartup=0 Patching:EnableSelfPatching=0 Patching:Address=
2014-06-08	00:51:09		1402181469	15	4	4333643447	Settings [Settings]
2014-06-08	00:51:09		1402181469	16	4	4333643447	appName=EverQuest II
2014-06-08	00:51:09		1402181469	17	4	4333643447	id=eq2
2014-06-08	00:51:09		1402181469	18	4	4333643447	width=917
2014-06-08	00:51:09		1402181469	19	4	4333643447	height=700
2014-06-08	00:51:09		1402181469	20	4	4333643447	GameCode=eq2
2014-06-08	00:51:09		1402181469	21	4	4333643447	
[Display]
2014-06-08	00:51:09		1402181469	22	4	4333643447	WindowWidth=917
2014-06-08	00:51:09		1402181469	23	4	4333643447	WindowHeight=700
2014-06-08	00:51:09		1402181469	24	4	4333643447	

2014-06-08	00:51:09		1402181469	25	4	4333643447	Override Settings [Logging]
2014-06-08	00:51:09		1402181469	26	4	4333643447	DeleteLogsDirectoryOnStartup=0
2014-06-08	00:51:09		1402181469	27	4	4333643447	
[Patching]
2014-06-08	00:51:09		1402181469	28	4	4333643447	EnableSelfPatching=0
2014-06-08	00:51:09		1402181469	29	4	4333643447	Address=
2014-06-08	00:51:09		1402181469	30	4	4333643447	

2014-06-08	00:51:11		1402181469	97	4	4333646090	LoadLegacyIniValues - Setting legacy ini entry, legacyEntry=width, section=Display, key=WindowWidth, value=917.
2014-06-08	00:51:11		1402181469	98	4	4333646091	LoadLegacyIniValues - Setting legacy ini entry, legacyEntry=height, section=Display, key=WindowHeight, value=700.
2014-06-08	00:51:11		1402181469	99	4	4333646091	LoadLegacyIniValues - Setting legacy ini entry, legacyEntry=id, section=Settings, key=GameCode, value=eq2.
2014-06-08	00:51:11		1402181469	100	4	4333646091	LoadConfigValues - launchUrl is empty, will create.
2014-06-08	00:51:11		1402181469	101	4	4333646091	LoadConfigValues - Created browser url=https://lp.soe.com/eq2/live/?t=43336.
2014-06-08	00:51:11		1402181469	102	4	4333646091	LoadConfigValues - SelfDigestUrl is empty, will create.
2014-06-08	00:51:11		1402181469	103	4	4333646091	SelfDigestUrl=http://manifest.patch.station.sony.com/patch/sha/manifest/lp4/live/gamelauncher/eq2/live.sha.soe
2014-06-08	00:51:11		1402181469	104	4	4333646091	LoadConfigValues - launchPadVersionUrl is empty, will create.
2014-06-08	00:51:11		1402181469	105	4	4333646091	SelfVersionUrl=http://lp.soe.com/static/lp/LaunchPadShellVersion.txt
2014-06-08	00:51:11		1402181469	106	4	4333646091	LoadConfigValues - UpdaterDigestUrl is empty, will create.
2014-06-08	00:51:11		1402181469	107	4	4333646091	UpdaterDigestUrl=http://manifest.patch.station.sony.com/patch/sha/manifest/lp4/live/applicationupdater.sha.soe
2014-06-08	00:51:11		1402181469	109	4	4333646091	LoadConfigValues - patcherDownloadUrl is empty, will create.
2014-06-08	00:51:11		1402181469	110	4	4333646091	PatcherDigestUrl=http://lp.soe.com/static/plugin/npsoeact.dll.zs
2014-06-08	00:51:11		1402181469	111	4	4333646091	LoadConfigValues - patcherVersionUrl is empty, will create.
2014-06-08	00:51:11		1402181469	112	4	4333646091	PatcherVersionUrl=http://lp.soe.com/static/plugin/ActionVersion.txt
2014-06-08	00:51:11		1402181469	114	4	4333646091	PatcherFolder=C:/users/blinx123/Application Data/Sony Online Entertainment
2014-06-08	00:51:11		1402181469	115	4	4333646092	PatcherFilename=npsoeact.dll
2014-06-08	00:51:11		1402181469	116	4	4333646092	Config Values:
2014-06-08	00:51:11		1402181469	117	4	4333646092	commandLine= Logging:DeleteLogsDirectoryOnStartup=0 Patching:EnableSelfPatching=0 Patching:Address=
2014-06-08	00:51:11		1402181469	118	4	4333646092	Settings [Settings]
2014-06-08	00:51:11		1402181469	119	4	4333646092	appName=EverQuest II
2014-06-08	00:51:11		1402181469	120	4	4333646092	id=eq2
2014-06-08	00:51:11		1402181469	121	4	4333646092	width=917
2014-06-08	00:51:11		1402181469	122	4	4333646092	height=700
2014-06-08	00:51:11		1402181469	123	4	4333646092	GameCode=eq2
2014-06-08	00:51:11		1402181469	124	4	4333646092	
[Display]
2014-06-08	00:51:11		1402181469	125	4	4333646092	WindowWidth=917
2014-06-08	00:51:11		1402181469	126	4	4333646092	WindowHeight=700
2014-06-08	00:51:11		1402181469	127	4	4333646092	

2014-06-08	00:51:11		1402181469	128	4	4333646092	Override Settings [Logging]
2014-06-08	00:51:11		1402181469	129	4	4333646092	DeleteLogsDirectoryOnStartup=0
2014-06-08	00:51:11		1402181469	130	4	4333646092	
[Patching]
2014-06-08	00:51:11		1402181469	131	4	4333646092	EnableSelfPatching=0
2014-06-08	00:51:11		1402181469	132	4	4333646092	Address=
2014-06-08	00:51:11		1402181469	133	4	4333646092	

